<?xml version="1.0" encoding="UTF-8"?>
<!-- Generated by org.testng.reporters.JUnitReportReporter -->
<testsuite hostname="DESKTOP-H8U33OQ" failures="0" tests="22" name="testrunner.runner" time="63.978" errors="0" timestamp="2023-04-20T19:49:52 PDT" skipped="0">
  <testcase classname="testrunner.runner" name="runScenario" time="2.917"/>
  <system-out/>
  <testcase classname="testrunner.runner" name="runScenario" time="1.746"/>
  <system-out/>
  <testcase classname="testrunner.runner" name="runScenario" time="2.977"/>
  <system-out/>
  <testcase classname="testrunner.runner" name="runScenario" time="0.413"/>
  <system-out/>
  <testcase classname="testrunner.runner" name="runScenario" time="2.431"/>
  <system-out/>
  <testcase classname="testrunner.runner" name="runScenario" time="3.355"/>
  <system-out/>
  <testcase classname="testrunner.runner" name="runScenario" time="8.714"/>
  <system-out/>
  <testcase classname="testrunner.runner" name="runScenario" time="3.371"/>
  <system-out/>
  <testcase classname="testrunner.runner" name="runScenario" time="4.311"/>
  <system-out/>
  <testcase classname="testrunner.runner" name="runScenario" time="0.673"/>
  <system-out/>
  <testcase classname="testrunner.runner" name="runScenario" time="1.767"/>
  <system-out/>
  <testcase classname="testrunner.runner" name="runScenario" time="5.753"/>
  <system-out/>
  <testcase classname="testrunner.runner" name="runScenario" time="3.511"/>
  <system-out/>
  <testcase classname="testrunner.runner" name="runScenario" time="3.535"/>
  <system-out/>
  <testcase classname="testrunner.runner" name="runScenario" time="3.087"/>
  <system-out/>
  <testcase classname="testrunner.runner" name="runScenario" time="0.374"/>
  <system-out/>
  <testcase classname="testrunner.runner" name="runScenario" time="3.664"/>
  <system-out/>
  <testcase classname="testrunner.runner" name="runScenario" time="1.115"/>
  <system-out/>
  <testcase classname="testrunner.runner" name="runScenario" time="2.100"/>
  <system-out/>
  <testcase classname="testrunner.runner" name="runScenario" time="3.013"/>
  <system-out/>
  <testcase classname="testrunner.runner" name="runScenario" time="2.727"/>
  <system-out/>
  <testcase classname="testrunner.runner" name="runScenario" time="2.424"/>
  <system-out/>
</testsuite> <!-- testrunner.runner -->
